<?xml version="1.0" encoding="UTF-8"?>
<testng-results skipped="0" failed="0" ignored="0" total="1" passed="1">
  <reporter-output>
  </reporter-output>
  <suite name="Default suite" duration-ms="4585" started-at="2017-11-02T15:56:17Z" finished-at="2017-11-02T15:56:22Z">
    <groups>
    </groups>
    <test name="Default test" duration-ms="4585" started-at="2017-11-02T15:56:17Z" finished-at="2017-11-02T15:56:22Z">
      <class name="screenshots.ScreenShot">
        <test-method status="PASS" signature="captureScreenShot()[pri:0, instance:screenshots.ScreenShot@3e9b1010]" name="captureScreenShot" duration-ms="4481" started-at="2017-11-02T11:56:17Z" finished-at="2017-11-02T11:56:22Z">
          <reporter-output>
          </reporter-output>
        </test-method> <!-- captureScreenShot -->
      </class> <!-- screenshots.ScreenShot -->
    </test> <!-- Default test -->
  </suite> <!-- Default suite -->
</testng-results>
